/*C8*/SET SCHEMA PUBLIC
DISCONNECT
/*C9*/SET SCHEMA PUBLIC
INSERT INTO USER VALUES('test_user','test_pwd',14)
COMMIT
INSERT INTO USER_ATTRIBUTES VALUES(200,100,100,12,37,'2015.05.25 15:47:14:483','2015.05.25 15:47:14:483','f\u00e9rfi')
COMMIT
INSERT INTO USER_INDEXES VALUES(25.0E0,0.03E0,0.5E0,37,27)
COMMIT
DISCONNECT
/*C10*/SET SCHEMA PUBLIC
DISCONNECT
/*C11*/SET SCHEMA PUBLIC
INSERT INTO USER VALUES('test_user','test_pwd',15)
COMMIT
INSERT INTO USER_ATTRIBUTES VALUES(200,100,100,12,38,'2015.05.25 15:49:02:540','2015.05.25 15:49:02:540','f\u00e9rfi')
COMMIT
INSERT INTO USER_INDEXES VALUES(25.0E0,0.03E0,0.5E0,38,28)
COMMIT
DISCONNECT
/*C12*/SET SCHEMA PUBLIC
DISCONNECT
/*C13*/SET SCHEMA PUBLIC
INSERT INTO USER VALUES('test_user','test_pwd',16)
COMMIT
INSERT INTO USER_ATTRIBUTES VALUES(200,100,100,12,39,'2015.05.25 15:53:46:785','2015.05.25 15:53:46:785','f\u00e9rfi')
COMMIT
INSERT INTO USER_INDEXES VALUES(25.0E0,0.03E0,0.5E0,39,29)
COMMIT
DISCONNECT
/*C14*/SET SCHEMA PUBLIC
DISCONNECT
/*C15*/SET SCHEMA PUBLIC
INSERT INTO USER VALUES('test_user','test_pwd',17)
COMMIT
INSERT INTO USER_ATTRIBUTES VALUES(200,100,100,12,40,'2015.05.25 15:55:17:151','2015.05.25 15:55:17:151','f\u00e9rfi')
COMMIT
INSERT INTO USER_INDEXES VALUES(25.0E0,0.03E0,0.5E0,40,30)
COMMIT
DISCONNECT
/*C16*/SET SCHEMA PUBLIC
DISCONNECT
/*C17*/SET SCHEMA PUBLIC
INSERT INTO USER VALUES('test_user','test_pwd',18)
COMMIT
INSERT INTO USER_ATTRIBUTES VALUES(200,100,100,12,41,'2015.05.25 16:00:07:812','2015.05.25 16:00:07:812','f\u00e9rfi')
COMMIT
INSERT INTO USER_INDEXES VALUES(25.0E0,0.03E0,0.5E0,41,31)
COMMIT
DISCONNECT
/*C18*/SET SCHEMA PUBLIC
DISCONNECT
/*C19*/SET SCHEMA PUBLIC
INSERT INTO USER VALUES('test_user','test_pwd',19)
COMMIT
INSERT INTO USER_ATTRIBUTES VALUES(200,100,100,12,42,'2015.05.25 16:01:09:922','2015.05.25 16:01:09:922','f\u00e9rfi')
COMMIT
INSERT INTO USER_INDEXES VALUES(25.0E0,0.03E0,0.5E0,42,32)
COMMIT
DISCONNECT
/*C20*/SET SCHEMA PUBLIC
DISCONNECT
/*C21*/SET SCHEMA PUBLIC
INSERT INTO USER VALUES('test_user','test_pwd',20)
COMMIT
INSERT INTO USER_ATTRIBUTES VALUES(200,100,100,12,43,'2015.05.25 16:08:47:548','2015.05.25 16:08:47:548','f\u00e9rfi')
COMMIT
INSERT INTO USER_INDEXES VALUES(25.0E0,0.03E0,0.5E0,43,33)
COMMIT
DISCONNECT
/*C22*/SET SCHEMA PUBLIC
DISCONNECT
/*C23*/SET SCHEMA PUBLIC
DISCONNECT
/*C24*/SET SCHEMA PUBLIC
DISCONNECT
/*C25*/SET SCHEMA PUBLIC
INSERT INTO USER VALUES('test_user','test_pwd',21)
COMMIT
INSERT INTO USER_ATTRIBUTES VALUES(200,100,100,12,44,'2015.05.25 16:11:00:215','2015.05.25 16:11:00:215','f\u00e9rfi')
COMMIT
INSERT INTO USER_INDEXES VALUES(25.0E0,0.03E0,0.5E0,44,34)
COMMIT
DISCONNECT
/*C26*/SET SCHEMA PUBLIC
DISCONNECT
/*C27*/SET SCHEMA PUBLIC
DISCONNECT
/*C28*/SET SCHEMA PUBLIC
DISCONNECT
/*C29*/SET SCHEMA PUBLIC
DELETE FROM USER_INDEXES WHERE ID=4
DELETE FROM USER_INDEXES WHERE ID=5
DELETE FROM USER_INDEXES WHERE ID=6
DELETE FROM USER_INDEXES WHERE ID=7
DELETE FROM USER_INDEXES WHERE ID=8
DELETE FROM USER_INDEXES WHERE ID=9
DELETE FROM USER_INDEXES WHERE ID=10
DELETE FROM USER_INDEXES WHERE ID=11
DELETE FROM USER_INDEXES WHERE ID=12
DELETE FROM USER_INDEXES WHERE ID=13
DELETE FROM USER_INDEXES WHERE ID=14
DELETE FROM USER_INDEXES WHERE ID=15
DELETE FROM USER_INDEXES WHERE ID=16
DELETE FROM USER_INDEXES WHERE ID=17
DELETE FROM USER_INDEXES WHERE ID=18
DELETE FROM USER_INDEXES WHERE ID=19
DELETE FROM USER_INDEXES WHERE ID=20
DELETE FROM USER_INDEXES WHERE ID=21
DELETE FROM USER_INDEXES WHERE ID=22
DELETE FROM USER_INDEXES WHERE ID=23
DELETE FROM USER_INDEXES WHERE ID=24
DELETE FROM USER_INDEXES WHERE ID=25
DELETE FROM USER_INDEXES WHERE ID=26
DELETE FROM USER_INDEXES WHERE ID=27
DELETE FROM USER_INDEXES WHERE ID=28
DELETE FROM USER_INDEXES WHERE ID=29
DELETE FROM USER_INDEXES WHERE ID=30
DELETE FROM USER_INDEXES WHERE ID=31
DELETE FROM USER_INDEXES WHERE ID=32
DELETE FROM USER_INDEXES WHERE ID=33
DELETE FROM USER_INDEXES WHERE ID=34
COMMIT
DELETE FROM USER_ATTRIBUTES WHERE ID=14
DELETE FROM USER_ATTRIBUTES WHERE ID=15
DELETE FROM USER_ATTRIBUTES WHERE ID=16
DELETE FROM USER_ATTRIBUTES WHERE ID=17
DELETE FROM USER_ATTRIBUTES WHERE ID=18
DELETE FROM USER_ATTRIBUTES WHERE ID=19
DELETE FROM USER_ATTRIBUTES WHERE ID=20
DELETE FROM USER_ATTRIBUTES WHERE ID=21
DELETE FROM USER_ATTRIBUTES WHERE ID=22
DELETE FROM USER_ATTRIBUTES WHERE ID=23
DELETE FROM USER_ATTRIBUTES WHERE ID=24
DELETE FROM USER_ATTRIBUTES WHERE ID=25
DELETE FROM USER_ATTRIBUTES WHERE ID=26
DELETE FROM USER_ATTRIBUTES WHERE ID=27
DELETE FROM USER_ATTRIBUTES WHERE ID=28
DELETE FROM USER_ATTRIBUTES WHERE ID=29
DELETE FROM USER_ATTRIBUTES WHERE ID=30
DELETE FROM USER_ATTRIBUTES WHERE ID=31
DELETE FROM USER_ATTRIBUTES WHERE ID=32
DELETE FROM USER_ATTRIBUTES WHERE ID=33
DELETE FROM USER_ATTRIBUTES WHERE ID=34
DELETE FROM USER_ATTRIBUTES WHERE ID=35
DELETE FROM USER_ATTRIBUTES WHERE ID=36
DELETE FROM USER_ATTRIBUTES WHERE ID=37
DELETE FROM USER_ATTRIBUTES WHERE ID=38
DELETE FROM USER_ATTRIBUTES WHERE ID=39
DELETE FROM USER_ATTRIBUTES WHERE ID=40
DELETE FROM USER_ATTRIBUTES WHERE ID=41
DELETE FROM USER_ATTRIBUTES WHERE ID=42
DELETE FROM USER_ATTRIBUTES WHERE ID=43
DELETE FROM USER_ATTRIBUTES WHERE ID=44
COMMIT
DELETE FROM USER WHERE ID=11
DELETE FROM USER WHERE ID=12
DELETE FROM USER WHERE ID=13
DELETE FROM USER WHERE ID=14
DELETE FROM USER WHERE ID=15
DELETE FROM USER WHERE ID=16
DELETE FROM USER WHERE ID=17
DELETE FROM USER WHERE ID=18
DELETE FROM USER WHERE ID=19
DELETE FROM USER WHERE ID=20
DELETE FROM USER WHERE ID=21
COMMIT
ALTER TABLE USER ADD UNIQUE (NAME)
DISCONNECT
/*C30*/SET SCHEMA PUBLIC
INSERT INTO USER VALUES('test_user','test_pwd',22)
COMMIT
INSERT INTO USER_ATTRIBUTES VALUES(200,100,100,22,45,'2015.05.25 16:16:26:888','2015.05.25 16:16:26:888','f\u00e9rfi')
COMMIT
INSERT INTO USER_INDEXES VALUES(25.0E0,0.03E0,0.5E0,45,35)
COMMIT
DISCONNECT
/*C31*/SET SCHEMA PUBLIC
DISCONNECT
/*C32*/SET SCHEMA PUBLIC
DISCONNECT
/*C33*/SET SCHEMA PUBLIC
DISCONNECT
/*C34*/SET SCHEMA PUBLIC
DISCONNECT
/*C35*/SET SCHEMA PUBLIC
DISCONNECT
/*C36*/SET SCHEMA PUBLIC
DISCONNECT
/*C37*/SET SCHEMA PUBLIC
DISCONNECT
/*C38*/SET SCHEMA PUBLIC
DISCONNECT
/*C39*/SET SCHEMA PUBLIC
DELETE FROM USER_INDEXES WHERE ID=35
COMMIT
DELETE FROM USER_ATTRIBUTES WHERE ID=45
COMMIT
DELETE FROM USER WHERE ID=22
COMMIT
DISCONNECT
/*C40*/SET SCHEMA PUBLIC
INSERT INTO USER VALUES('test_user','test_pwd',26)
COMMIT
INSERT INTO USER_ATTRIBUTES VALUES(200,100,100,26,46,'2015.05.25 16:25:24:993','2015.05.25 16:25:24:993','f\u00e9rfi')
COMMIT
INSERT INTO USER_INDEXES VALUES(25.0E0,0.03E0,0.5E0,46,36)
COMMIT
DISCONNECT
/*C41*/SET SCHEMA PUBLIC
DISCONNECT
/*C42*/SET SCHEMA PUBLIC
DISCONNECT
/*C43*/SET SCHEMA PUBLIC
DISCONNECT
/*C44*/SET SCHEMA PUBLIC
DELETE FROM USER_INDEXES WHERE ID=36
COMMIT
DELETE FROM USER_ATTRIBUTES WHERE ID=46
COMMIT
DELETE FROM USER WHERE ID=26
COMMIT
DISCONNECT
/*C45*/SET SCHEMA PUBLIC
DISCONNECT
/*C46*/SET SCHEMA PUBLIC
INSERT INTO USER VALUES('test_user','test_pwd',27)
COMMIT
INSERT INTO USER_ATTRIBUTES VALUES(200,100,100,27,47,'2015.05.25 16:26:09:046','2015.05.25 16:26:09:046','f\u00e9rfi')
COMMIT
INSERT INTO USER_INDEXES VALUES(25.0E0,0.03E0,0.5E0,47,37)
COMMIT
DISCONNECT
/*C47*/SET SCHEMA PUBLIC
DISCONNECT
/*C48*/SET SCHEMA PUBLIC
DISCONNECT
/*C49*/SET SCHEMA PUBLIC
DISCONNECT
/*C50*/SET SCHEMA PUBLIC
DELETE FROM USER_INDEXES WHERE ID=37
COMMIT
DELETE FROM USER_ATTRIBUTES WHERE ID=47
COMMIT
DELETE FROM USER WHERE ID=27
COMMIT
DISCONNECT
/*C51*/SET SCHEMA PUBLIC
DISCONNECT
/*C52*/SET SCHEMA PUBLIC
INSERT INTO USER VALUES('test_user','test_pwd',28)
COMMIT
INSERT INTO USER_ATTRIBUTES VALUES(200,100,100,28,48,'2015.05.25 16:29:26:781','2015.05.25 16:29:26:781','f\u00e9rfi')
COMMIT
INSERT INTO USER_INDEXES VALUES(25.0E0,0.03E0,0.5E0,48,38)
COMMIT
DISCONNECT
/*C53*/SET SCHEMA PUBLIC
DISCONNECT
/*C54*/SET SCHEMA PUBLIC
DISCONNECT
/*C55*/SET SCHEMA PUBLIC
DISCONNECT
/*C56*/SET SCHEMA PUBLIC
DELETE FROM USER_INDEXES WHERE ID=38
COMMIT
DELETE FROM USER_ATTRIBUTES WHERE ID=48
COMMIT
DELETE FROM USER WHERE ID=28
COMMIT
DISCONNECT
/*C57*/SET SCHEMA PUBLIC
DISCONNECT
/*C58*/SET SCHEMA PUBLIC
INSERT INTO USER VALUES('test_user','test_pwd',29)
COMMIT
INSERT INTO USER_ATTRIBUTES VALUES(200,100,100,29,49,'2015.05.25 16:29:45:116','2015.05.25 16:29:45:116','f\u00e9rfi')
COMMIT
INSERT INTO USER_INDEXES VALUES(25.0E0,0.03E0,0.5E0,49,39)
COMMIT
DISCONNECT
/*C59*/SET SCHEMA PUBLIC
DISCONNECT
/*C60*/SET SCHEMA PUBLIC
DISCONNECT
/*C61*/SET SCHEMA PUBLIC
DISCONNECT
/*C62*/SET SCHEMA PUBLIC
DELETE FROM USER_INDEXES WHERE ID=39
COMMIT
DELETE FROM USER_ATTRIBUTES WHERE ID=49
COMMIT
DELETE FROM USER WHERE ID=29
COMMIT
DISCONNECT
/*C63*/SET SCHEMA PUBLIC
DISCONNECT
/*C64*/SET SCHEMA PUBLIC
INSERT INTO USER VALUES('test_user','test_pwd',30)
COMMIT
INSERT INTO USER_ATTRIBUTES VALUES(200,100,100,30,50,'2015.05.25 16:30:29:402','2015.05.25 16:30:29:402','f\u00e9rfi')
COMMIT
INSERT INTO USER_INDEXES VALUES(25.0E0,0.03E0,0.5E0,50,40)
COMMIT
DISCONNECT
/*C65*/SET SCHEMA PUBLIC
DISCONNECT
/*C66*/SET SCHEMA PUBLIC
DISCONNECT
/*C67*/SET SCHEMA PUBLIC
DISCONNECT
/*C68*/SET SCHEMA PUBLIC
DELETE FROM USER_INDEXES WHERE ID=40
COMMIT
DELETE FROM USER_ATTRIBUTES WHERE ID=50
COMMIT
DELETE FROM USER WHERE ID=30
COMMIT
DISCONNECT
/*C69*/SET SCHEMA PUBLIC
DISCONNECT
/*C70*/SET SCHEMA PUBLIC
INSERT INTO USER VALUES('test_user','test_pwd',31)
COMMIT
INSERT INTO USER_ATTRIBUTES VALUES(200,100,100,31,51,'2015.05.25 16:31:01:104','2015.05.25 16:31:01:104','f\u00e9rfi')
COMMIT
INSERT INTO USER_INDEXES VALUES(25.0E0,0.03E0,0.5E0,51,41)
COMMIT
DISCONNECT
/*C71*/SET SCHEMA PUBLIC
DISCONNECT
/*C72*/SET SCHEMA PUBLIC
DISCONNECT
/*C73*/SET SCHEMA PUBLIC
DISCONNECT
/*C74*/SET SCHEMA PUBLIC
DELETE FROM USER_INDEXES WHERE ID=41
COMMIT
DELETE FROM USER_ATTRIBUTES WHERE ID=51
COMMIT
DELETE FROM USER WHERE ID=31
COMMIT
DISCONNECT
/*C75*/SET SCHEMA PUBLIC
DISCONNECT
/*C76*/SET SCHEMA PUBLIC
INSERT INTO USER VALUES('test_user','test_pwd',32)
COMMIT
INSERT INTO USER_ATTRIBUTES VALUES(200,100,100,32,52,'2015.05.25 16:36:30:372','2015.05.25 16:36:30:372','f\u00e9rfi')
COMMIT
INSERT INTO USER_INDEXES VALUES(25.0E0,0.03E0,0.5E0,52,42)
COMMIT
DISCONNECT
/*C77*/SET SCHEMA PUBLIC
DISCONNECT
/*C78*/SET SCHEMA PUBLIC
DISCONNECT
/*C79*/SET SCHEMA PUBLIC
DISCONNECT
/*C80*/SET SCHEMA PUBLIC
DELETE FROM USER_INDEXES WHERE ID=42
COMMIT
DELETE FROM USER_ATTRIBUTES WHERE ID=52
COMMIT
DELETE FROM USER WHERE ID=32
COMMIT
DISCONNECT
/*C81*/SET SCHEMA PUBLIC
DISCONNECT
/*C82*/SET SCHEMA PUBLIC
INSERT INTO USER VALUES('test_user','test_pwd',33)
COMMIT
INSERT INTO USER_ATTRIBUTES VALUES(200,100,100,33,53,'2015.05.25 16:37:14:760','2015.05.25 16:37:14:760','f\u00e9rfi')
COMMIT
INSERT INTO USER_INDEXES VALUES(25.0E0,0.03E0,0.5E0,53,43)
COMMIT
DISCONNECT
/*C83*/SET SCHEMA PUBLIC
DISCONNECT
/*C84*/SET SCHEMA PUBLIC
DISCONNECT
/*C85*/SET SCHEMA PUBLIC
DISCONNECT
/*C86*/SET SCHEMA PUBLIC
DELETE FROM USER_INDEXES WHERE ID=43
COMMIT
DELETE FROM USER_ATTRIBUTES WHERE ID=53
COMMIT
DELETE FROM USER WHERE ID=33
COMMIT
DISCONNECT
/*C87*/SET SCHEMA PUBLIC
DISCONNECT
/*C88*/SET SCHEMA PUBLIC
INSERT INTO USER VALUES('test_user','test_pwd',34)
COMMIT
INSERT INTO USER_ATTRIBUTES VALUES(200,100,100,34,54,'2015.05.25 16:46:28:551','2015.05.25 16:46:28:551','f\u00e9rfi')
COMMIT
INSERT INTO USER_INDEXES VALUES(25.0E0,0.03E0,0.5E0,54,44)
COMMIT
DISCONNECT
/*C89*/SET SCHEMA PUBLIC
DISCONNECT
/*C90*/SET SCHEMA PUBLIC
DISCONNECT
/*C91*/SET SCHEMA PUBLIC
DISCONNECT
/*C92*/SET SCHEMA PUBLIC
DELETE FROM USER_INDEXES WHERE ID=44
COMMIT
DELETE FROM USER_ATTRIBUTES WHERE ID=54
COMMIT
DELETE FROM USER WHERE ID=34
COMMIT
DISCONNECT
/*C93*/SET SCHEMA PUBLIC
DISCONNECT
/*C94*/SET SCHEMA PUBLIC
INSERT INTO USER VALUES('test_user','test_pwd',35)
COMMIT
INSERT INTO USER_ATTRIBUTES VALUES(200,100,100,35,55,'2015.05.25 16:55:46:149','2015.05.25 16:55:46:149','f\u00e9rfi')
COMMIT
INSERT INTO USER_INDEXES VALUES(25.0E0,0.03E0,0.5E0,55,45)
COMMIT
DISCONNECT
/*C95*/SET SCHEMA PUBLIC
DISCONNECT
/*C97*/SET SCHEMA PUBLIC
DISCONNECT
/*C96*/SET SCHEMA PUBLIC
DISCONNECT
/*C98*/SET SCHEMA PUBLIC
DELETE FROM USER_INDEXES WHERE ID=45
COMMIT
DELETE FROM USER_ATTRIBUTES WHERE ID=55
COMMIT
DELETE FROM USER WHERE ID=35
COMMIT
DISCONNECT
/*C99*/SET SCHEMA PUBLIC
DISCONNECT
/*C100*/SET SCHEMA PUBLIC
INSERT INTO USER VALUES('test_user','test_pwd',36)
COMMIT
INSERT INTO USER_ATTRIBUTES VALUES(200,100,100,36,56,'2015.05.25 17:15:50:766','2015.05.25 17:15:50:766','f\u00e9rfi')
COMMIT
INSERT INTO USER_INDEXES VALUES(25.0E0,0.03E0,0.5E0,56,46)
COMMIT
DISCONNECT
/*C101*/SET SCHEMA PUBLIC
DISCONNECT
/*C104*/SET SCHEMA PUBLIC
DELETE FROM USER_INDEXES WHERE ID=46
COMMIT
/*C103*/SET SCHEMA PUBLIC
DISCONNECT
/*C102*/SET SCHEMA PUBLIC
DISCONNECT
/*C104*/DELETE FROM USER_ATTRIBUTES WHERE ID=56
COMMIT
DELETE FROM USER WHERE ID=36
COMMIT
DISCONNECT
/*C105*/SET SCHEMA PUBLIC
DISCONNECT
/*C106*/SET SCHEMA PUBLIC
INSERT INTO USER VALUES('test_user','test_pwd',37)
COMMIT
INSERT INTO USER_ATTRIBUTES VALUES(200,100,100,37,57,'2015.05.25 17:15:58:407','2015.05.25 17:15:58:407','f\u00e9rfi')
COMMIT
INSERT INTO USER_INDEXES VALUES(25.0E0,0.03E0,0.5E0,57,47)
COMMIT
DISCONNECT
/*C107*/SET SCHEMA PUBLIC
DISCONNECT
/*C108*/SET SCHEMA PUBLIC
DISCONNECT
/*C109*/SET SCHEMA PUBLIC
DISCONNECT
/*C110*/SET SCHEMA PUBLIC
DELETE FROM USER_INDEXES WHERE ID=47
COMMIT
DELETE FROM USER_ATTRIBUTES WHERE ID=57
COMMIT
DELETE FROM USER WHERE ID=37
COMMIT
DISCONNECT
/*C111*/SET SCHEMA PUBLIC
DISCONNECT
/*C112*/SET SCHEMA PUBLIC
INSERT INTO USER VALUES('test_user','test_pwd',38)
COMMIT
INSERT INTO USER_ATTRIBUTES VALUES(200,100,100,38,58,'2015.05.25 17:24:02:274','2015.05.25 17:24:02:274','f\u00e9rfi')
COMMIT
INSERT INTO USER_INDEXES VALUES(25.0E0,0.03E0,0.5E0,58,48)
COMMIT
DISCONNECT
/*C113*/SET SCHEMA PUBLIC
DISCONNECT
/*C114*/SET SCHEMA PUBLIC
DISCONNECT
/*C115*/SET SCHEMA PUBLIC
DISCONNECT
/*C116*/SET SCHEMA PUBLIC
DELETE FROM USER_INDEXES WHERE ID=48
COMMIT
DELETE FROM USER_ATTRIBUTES WHERE ID=58
COMMIT
DELETE FROM USER WHERE ID=38
COMMIT
DISCONNECT
/*C117*/SET SCHEMA PUBLIC
DISCONNECT
/*C118*/SET SCHEMA PUBLIC
INSERT INTO USER VALUES('test_user','test_pwd',39)
COMMIT
INSERT INTO USER_ATTRIBUTES VALUES(200,100,100,39,59,'2015.05.25 17:24:08:547','2015.05.25 17:24:08:547','f\u00e9rfi')
COMMIT
INSERT INTO USER_INDEXES VALUES(25.0E0,0.03E0,0.5E0,59,49)
COMMIT
DISCONNECT
/*C119*/SET SCHEMA PUBLIC
DISCONNECT
/*C120*/SET SCHEMA PUBLIC
DISCONNECT
/*C121*/SET SCHEMA PUBLIC
DISCONNECT
/*C122*/SET SCHEMA PUBLIC
DELETE FROM USER_INDEXES WHERE ID=49
COMMIT
DELETE FROM USER_ATTRIBUTES WHERE ID=59
COMMIT
DELETE FROM USER WHERE ID=39
COMMIT
DISCONNECT
/*C123*/SET SCHEMA PUBLIC
DISCONNECT
/*C124*/SET SCHEMA PUBLIC
INSERT INTO USER VALUES('test_user','test_pwd',40)
COMMIT
INSERT INTO USER_ATTRIBUTES VALUES(200,100,100,40,60,'2015.05.25 17:30:42:294','2015.05.25 17:30:42:294','f\u00e9rfi')
COMMIT
INSERT INTO USER_INDEXES VALUES(25.0E0,0.03E0,0.5E0,60,50)
COMMIT
DISCONNECT
/*C125*/SET SCHEMA PUBLIC
DISCONNECT
/*C126*/SET SCHEMA PUBLIC
DISCONNECT
/*C127*/SET SCHEMA PUBLIC
DISCONNECT
/*C128*/SET SCHEMA PUBLIC
DELETE FROM USER_INDEXES WHERE ID=50
COMMIT
DELETE FROM USER_ATTRIBUTES WHERE ID=60
COMMIT
DELETE FROM USER WHERE ID=40
COMMIT
DISCONNECT
/*C129*/SET SCHEMA PUBLIC
DISCONNECT
/*C130*/SET SCHEMA PUBLIC
INSERT INTO USER VALUES('test_user','test_pwd',41)
COMMIT
INSERT INTO USER_ATTRIBUTES VALUES(200,100,100,41,61,'2015.05.25 17:30:49:484','2015.05.25 17:30:49:484','f\u00e9rfi')
COMMIT
INSERT INTO USER_INDEXES VALUES(25.0E0,0.03E0,0.5E0,61,51)
COMMIT
DISCONNECT
/*C131*/SET SCHEMA PUBLIC
DISCONNECT
/*C132*/SET SCHEMA PUBLIC
DISCONNECT
/*C133*/SET SCHEMA PUBLIC
DISCONNECT
/*C134*/SET SCHEMA PUBLIC
DELETE FROM USER_INDEXES WHERE ID=51
COMMIT
DELETE FROM USER_ATTRIBUTES WHERE ID=61
COMMIT
DELETE FROM USER WHERE ID=41
COMMIT
DISCONNECT
/*C135*/SET SCHEMA PUBLIC
DISCONNECT
/*C136*/SET SCHEMA PUBLIC
INSERT INTO USER VALUES('test_user','test_pwd',42)
COMMIT
INSERT INTO USER_ATTRIBUTES VALUES(200,100,100,42,62,'2015.05.25 17:35:53:213','2015.05.25 17:35:53:213','f\u00e9rfi')
COMMIT
INSERT INTO USER_INDEXES VALUES(25.0E0,0.03E0,0.5E0,62,52)
COMMIT
DISCONNECT
/*C137*/SET SCHEMA PUBLIC
DISCONNECT
/*C138*/SET SCHEMA PUBLIC
DISCONNECT
/*C139*/SET SCHEMA PUBLIC
DISCONNECT
/*C140*/SET SCHEMA PUBLIC
DELETE FROM USER_INDEXES WHERE ID=52
COMMIT
DELETE FROM USER_ATTRIBUTES WHERE ID=62
COMMIT
DELETE FROM USER WHERE ID=42
COMMIT
DISCONNECT
/*C141*/SET SCHEMA PUBLIC
DISCONNECT
/*C142*/SET SCHEMA PUBLIC
INSERT INTO USER VALUES('test_user','test_pwd',43)
COMMIT
INSERT INTO USER_ATTRIBUTES VALUES(200,100,100,43,63,'2015.05.25 17:36:03:209','2015.05.25 17:36:03:209','f\u00e9rfi')
COMMIT
INSERT INTO USER_INDEXES VALUES(25.0E0,0.03E0,0.5E0,63,53)
COMMIT
DISCONNECT
/*C143*/SET SCHEMA PUBLIC
DISCONNECT
/*C144*/SET SCHEMA PUBLIC
DISCONNECT
/*C145*/SET SCHEMA PUBLIC
DISCONNECT
/*C146*/SET SCHEMA PUBLIC
DELETE FROM USER_INDEXES WHERE ID=53
COMMIT
DELETE FROM USER_ATTRIBUTES WHERE ID=63
COMMIT
DELETE FROM USER WHERE ID=43
COMMIT
DISCONNECT
/*C147*/SET SCHEMA PUBLIC
DISCONNECT
/*C148*/SET SCHEMA PUBLIC
INSERT INTO USER VALUES('test_user','test_pwd',44)
COMMIT
INSERT INTO USER_ATTRIBUTES VALUES(200,100,100,44,64,'2015.05.25 17:46:18:322','2015.05.25 17:46:18:322','f\u00e9rfi')
COMMIT
INSERT INTO USER_INDEXES VALUES(25.0E0,0.03E0,0.5E0,64,54)
COMMIT
DISCONNECT
/*C149*/SET SCHEMA PUBLIC
DISCONNECT
/*C150*/SET SCHEMA PUBLIC
DISCONNECT
/*C151*/SET SCHEMA PUBLIC
DISCONNECT
/*C152*/SET SCHEMA PUBLIC
DELETE FROM USER_INDEXES WHERE ID=54
COMMIT
DELETE FROM USER_ATTRIBUTES WHERE ID=64
COMMIT
DELETE FROM USER WHERE ID=44
COMMIT
DISCONNECT
/*C153*/SET SCHEMA PUBLIC
DISCONNECT
/*C154*/SET SCHEMA PUBLIC
INSERT INTO USER VALUES('test_user','test_pwd',45)
COMMIT
INSERT INTO USER_ATTRIBUTES VALUES(200,100,100,45,65,'2015.05.25 17:46:25:744','2015.05.25 17:46:25:744','f\u00e9rfi')
COMMIT
INSERT INTO USER_INDEXES VALUES(25.0E0,0.03E0,0.5E0,65,55)
COMMIT
DISCONNECT
/*C155*/SET SCHEMA PUBLIC
DISCONNECT
/*C156*/SET SCHEMA PUBLIC
DISCONNECT
/*C157*/SET SCHEMA PUBLIC
DISCONNECT
/*C158*/SET SCHEMA PUBLIC
DELETE FROM USER_INDEXES WHERE ID=55
COMMIT
DELETE FROM USER_ATTRIBUTES WHERE ID=65
COMMIT
DELETE FROM USER WHERE ID=45
COMMIT
DISCONNECT
/*C159*/SET SCHEMA PUBLIC
DISCONNECT
/*C160*/SET SCHEMA PUBLIC
INSERT INTO USER VALUES('test_user','test_pwd',46)
COMMIT
INSERT INTO USER_ATTRIBUTES VALUES(200,100,100,46,66,'2015.05.25 17:53:32:854','2015.05.25 17:53:32:854','f\u00e9rfi')
COMMIT
INSERT INTO USER_INDEXES VALUES(25.0E0,0.03E0,0.5E0,66,56)
COMMIT
DISCONNECT
/*C161*/SET SCHEMA PUBLIC
DISCONNECT
/*C162*/SET SCHEMA PUBLIC
DISCONNECT
/*C163*/SET SCHEMA PUBLIC
DISCONNECT
/*C164*/SET SCHEMA PUBLIC
DELETE FROM USER_INDEXES WHERE ID=56
COMMIT
DELETE FROM USER_ATTRIBUTES WHERE ID=66
COMMIT
DELETE FROM USER WHERE ID=46
COMMIT
DISCONNECT
/*C165*/SET SCHEMA PUBLIC
DISCONNECT
/*C166*/SET SCHEMA PUBLIC
INSERT INTO USER VALUES('t','t',47)
COMMIT
INSERT INTO USER_ATTRIBUTES VALUES(1,1,1,47,67,'2015.05.25 17:57:10:318','1990.01.01 17:57:10:319','F\u00e9rfi')
COMMIT
INSERT INTO USER_INDEXES VALUES(10000.0E0,1.5E-4,1.0E0,67,57)
COMMIT
DISCONNECT
/*C167*/SET SCHEMA PUBLIC
DISCONNECT
/*C168*/SET SCHEMA PUBLIC
DISCONNECT
/*C169*/SET SCHEMA PUBLIC
DISCONNECT
/*C170*/SET SCHEMA PUBLIC
DISCONNECT
/*C171*/SET SCHEMA PUBLIC
DISCONNECT
/*C172*/SET SCHEMA PUBLIC
DELETE FROM USER_INDEXES WHERE ID=57
COMMIT
DELETE FROM USER_ATTRIBUTES WHERE ID=67
COMMIT
DELETE FROM USER WHERE ID=47
COMMIT
DISCONNECT
/*C173*/SET SCHEMA PUBLIC
INSERT INTO USER VALUES('test_user','test_pwd',48)
COMMIT
INSERT INTO USER_ATTRIBUTES VALUES(200,100,100,48,68,'2015.05.25 18:07:02:555','2015.05.25 18:07:02:555','f\u00e9rfi')
COMMIT
INSERT INTO USER_INDEXES VALUES(25.0E0,0.03E0,0.5E0,68,58)
COMMIT
DISCONNECT
/*C174*/SET SCHEMA PUBLIC
DISCONNECT
/*C175*/SET SCHEMA PUBLIC
DISCONNECT
/*C176*/SET SCHEMA PUBLIC
DISCONNECT
/*C177*/SET SCHEMA PUBLIC
DELETE FROM USER_INDEXES WHERE ID=58
COMMIT
DELETE FROM USER_ATTRIBUTES WHERE ID=68
COMMIT
DELETE FROM USER WHERE ID=48
COMMIT
DISCONNECT
/*C178*/SET SCHEMA PUBLIC
DISCONNECT
/*C179*/SET SCHEMA PUBLIC
INSERT INTO USER VALUES('test_user','test_pwd',49)
COMMIT
INSERT INTO USER_ATTRIBUTES VALUES(200,100,100,49,69,'2015.05.25 18:07:13:442','2015.05.25 18:07:13:442','f\u00e9rfi')
COMMIT
INSERT INTO USER_INDEXES VALUES(25.0E0,0.03E0,0.5E0,69,59)
COMMIT
DISCONNECT
/*C181*/SET SCHEMA PUBLIC
DISCONNECT
/*C180*/SET SCHEMA PUBLIC
DISCONNECT
/*C182*/SET SCHEMA PUBLIC
DISCONNECT
/*C183*/SET SCHEMA PUBLIC
DELETE FROM USER_INDEXES WHERE ID=59
COMMIT
DELETE FROM USER_ATTRIBUTES WHERE ID=69
COMMIT
DELETE FROM USER WHERE ID=49
COMMIT
DISCONNECT
/*C184*/SET SCHEMA PUBLIC
DISCONNECT
/*C185*/SET SCHEMA PUBLIC
INSERT INTO USER VALUES('test_user','test_pwd',50)
COMMIT
INSERT INTO USER_ATTRIBUTES VALUES(200,100,100,50,70,'2015.05.25 18:12:27:603','2015.05.25 18:12:27:603','f\u00e9rfi')
COMMIT
INSERT INTO USER_INDEXES VALUES(25.0E0,0.03E0,0.5E0,70,60)
COMMIT
DISCONNECT
/*C186*/SET SCHEMA PUBLIC
DISCONNECT
/*C187*/SET SCHEMA PUBLIC
DISCONNECT
/*C188*/SET SCHEMA PUBLIC
DISCONNECT
/*C189*/SET SCHEMA PUBLIC
DELETE FROM USER_INDEXES WHERE ID=60
COMMIT
DELETE FROM USER_ATTRIBUTES WHERE ID=70
COMMIT
DELETE FROM USER WHERE ID=50
COMMIT
DISCONNECT
/*C190*/SET SCHEMA PUBLIC
DISCONNECT
/*C191*/SET SCHEMA PUBLIC
INSERT INTO USER VALUES('test_user','test_pwd',51)
COMMIT
INSERT INTO USER_ATTRIBUTES VALUES(200,100,100,51,71,'2015.05.25 18:12:34:755','2015.05.25 18:12:34:755','f\u00e9rfi')
COMMIT
INSERT INTO USER_INDEXES VALUES(25.0E0,0.03E0,0.5E0,71,61)
COMMIT
DISCONNECT
/*C192*/SET SCHEMA PUBLIC
DISCONNECT
/*C193*/SET SCHEMA PUBLIC
DISCONNECT
/*C194*/SET SCHEMA PUBLIC
DISCONNECT
/*C195*/SET SCHEMA PUBLIC
DELETE FROM USER_INDEXES WHERE ID=61
COMMIT
DELETE FROM USER_ATTRIBUTES WHERE ID=71
COMMIT
DELETE FROM USER WHERE ID=51
COMMIT
DISCONNECT
